<?xml version="1.0" encoding="UTF-8"?>
<!-- Generated by org.testng.reporters.JUnitXMLReporter -->
<testsuite ignored="2" hostname="DESKTOP-5RTH0OK" failures="0" tests="3" name="Default test" time="2.799" errors="0" timestamp="2026-02-18T22:41:13 EET">
  <testcase classname="MyTestCase.TestData" name="ReadData" time="0.079"/>
  <testcase classname="MyTestCase.TestData" name="myTestToupdateData" time="0.006"/>
  <testcase classname="MyTestCase.TestData" name="myTestToDeleteData" time="0.019"/>
  <testcase classname="MyTestCase.TestData" name="SignupWithDataBase" time="0.0">
    <ignored/>
  </testcase> <!-- SignupWithDataBase -->
  <testcase classname="MyTestCase.TestData" name="MtTestToAddData" time="0.0">
    <ignored/>
  </testcase> <!-- MtTestToAddData -->
</testsuite> <!-- Default test -->
