<?xml version="1.0" encoding="UTF-8"?>
<!-- Generated by org.testng.reporters.JUnitXMLReporter -->
<testsuite ignored="3" hostname="DESKTOP-5RTH0OK" failures="0" tests="2" name="Default test" time="9.861" errors="0" timestamp="2026-02-23T16:12:50 EET">
  <testcase classname="MyTestCase.TestData" name="ReadData" time="0.13"/>
  <testcase classname="MyTestCase.TestData" name="SignupWithDataBase" time="6.513"/>
  <testcase classname="MyTestCase.TestData" name="myTestToDeleteData" time="0.0">
    <ignored/>
  </testcase> <!-- myTestToDeleteData -->
  <testcase classname="MyTestCase.TestData" name="MtTestToAddData" time="0.0">
    <ignored/>
  </testcase> <!-- MtTestToAddData -->
  <testcase classname="MyTestCase.TestData" name="myTestToupdateData" time="0.0">
    <ignored/>
  </testcase> <!-- myTestToupdateData -->
</testsuite> <!-- Default test -->
