<?xml version="1.0" encoding="UTF-8"?>
<testng-results ignored="3" total="5" passed="2" failed="0" skipped="0">
  <reporter-output>
  </reporter-output>
  <suite started-at="2026-02-23T16:12:40 EET" name="Default suite" finished-at="2026-02-23T16:12:50 EET" duration-ms="9861">
    <groups>
    </groups>
    <test started-at="2026-02-23T16:12:40 EET" name="Default test" finished-at="2026-02-23T16:12:50 EET" duration-ms="9861">
      <class name="MyTestCase.TestData">
        <test-method is-config="true" signature="MyBeforeTest()[pri:0, instance:MyTestCase.TestData@4fcee388]" started-at="2026-02-23T16:12:40 EET" name="MyBeforeTest" finished-at="2026-02-23T16:12:43 EET" duration-ms="3130" status="PASS">
          <reporter-output>
          </reporter-output>
        </test-method> <!-- MyBeforeTest -->
        <test-method signature="ReadData()[pri:2, instance:MyTestCase.TestData@4fcee388]" started-at="2026-02-23T16:12:43 EET" name="ReadData" finished-at="2026-02-23T16:12:43 EET" duration-ms="130" status="PASS">
          <reporter-output>
          </reporter-output>
        </test-method> <!-- ReadData -->
        <test-method signature="SignupWithDataBase()[pri:3, instance:MyTestCase.TestData@4fcee388]" started-at="2026-02-23T16:12:43 EET" name="SignupWithDataBase" finished-at="2026-02-23T16:12:50 EET" duration-ms="6513" status="PASS">
          <reporter-output>
          </reporter-output>
        </test-method> <!-- SignupWithDataBase -->
      </class> <!-- MyTestCase.TestData -->
    </test> <!-- Default test -->
  </suite> <!-- Default suite -->
</testng-results>
