<?xml version="1.0" encoding="UTF-8"?>
<!-- Generated by org.testng.reporters.JUnitReportReporter -->
<testsuite hostname="DESKTOP-5RTH0OK" failures="0" tests="5" name="MyTestCase.TestData" time="6.643" errors="0" timestamp="2026-02-23T16:12:50 EET" skipped="3">
  <testcase classname="MyTestCase.TestData" name="ReadData" time="0.130"/>
  <testcase classname="MyTestCase.TestData" name="SignupWithDataBase" time="6.513"/>
  <testcase classname="MyTestCase.TestData" name="myTestToDeleteData">
    <skipped/>
  </testcase> <!-- myTestToDeleteData -->
  <testcase classname="MyTestCase.TestData" name="MtTestToAddData">
    <skipped/>
  </testcase> <!-- MtTestToAddData -->
  <testcase classname="MyTestCase.TestData" name="myTestToupdateData">
    <skipped/>
  </testcase> <!-- myTestToupdateData -->
</testsuite> <!-- MyTestCase.TestData -->
