<?xml version="1.0" encoding="UTF-8"?>
<!-- Generated by org.testng.reporters.JUnitReportReporter -->
<testsuite hostname="DESKTOP-5RTH0OK" failures="0" tests="5" name="MyTestCase.TestData" time="7.024" errors="0" timestamp="2026-02-23T13:30:44 EET" skipped="1">
  <testcase classname="MyTestCase.TestData" name="ReadData" time="0.156"/>
  <testcase classname="MyTestCase.TestData" name="SignupWithDataBase" time="6.838"/>
  <testcase classname="MyTestCase.TestData" name="myTestToupdateData" time="0.023"/>
  <testcase classname="MyTestCase.TestData" name="myTestToDeleteData" time="0.007"/>
  <testcase classname="MyTestCase.TestData" name="MtTestToAddData">
    <skipped/>
  </testcase> <!-- MtTestToAddData -->
</testsuite> <!-- MyTestCase.TestData -->
